<?xml version="1.0" encoding="UTF-8"?>
<!-- Generated by org.testng.reporters.JUnitReportReporter -->
<testsuite hostname="Harini-PC" name="seleniumExamples.VerifyCollapsedAndExpandedObjectInSelenium" tests="1" failures="0" timestamp="22 Nov 2018 10:39:57 GMT" time="15.682" errors="0">
  <testcase name="verifyCollapsedAndExpandedObjectInSelenium" time="15.682" classname="seleniumExamples.VerifyCollapsedAndExpandedObjectInSelenium"/>
</testsuite> <!-- seleniumExamples.VerifyCollapsedAndExpandedObjectInSelenium -->
