<?xml version="1.0" encoding="UTF-8"?>
<!-- Generated by org.testng.reporters.JUnitReportReporter -->
<testsuite hostname="Harini-PC" name="testNG.ParametersInTestNG" tests="1" failures="0" timestamp="21 Nov 2018 09:46:33 GMT" time="0.002" errors="0">
  <testcase name="testLogin" time="0.002" classname="testNG.ParametersInTestNG"/>
</testsuite> <!-- testNG.ParametersInTestNG -->
