<?xml version="1.0" encoding="UTF-8"?>
<!-- Generated by org.testng.reporters.JUnitReportReporter -->
<testsuite hostname="Harini-PC" name="testNG.Allannotaions" tests="2" failures="0" timestamp="26 Nov 2018 11:08:03 GMT" time="0.007" errors="0">
  <testcase name="test2" time="0.001" classname="testNG.Allannotaions"/>
  <testcase name="test1" time="0.006" classname="testNG.Allannotaions"/>
</testsuite> <!-- testNG.Allannotaions -->
