<?xml version="1.0" encoding="UTF-8"?>
<!-- Generated by org.testng.reporters.JUnitReportReporter -->
<testsuite hostname="Harini-PC" name="testNG.DataProviderTest" tests="3" failures="0" timestamp="26 Nov 2018 11:08:03 GMT" time="0.003" errors="0">
  <testcase name="test" time="0.001" classname="testNG.DataProviderTest"/>
  <testcase name="test" time="0.001" classname="testNG.DataProviderTest"/>
  <testcase name="test" time="0.001" classname="testNG.DataProviderTest"/>
</testsuite> <!-- testNG.DataProviderTest -->
