<?xml version="1.0" encoding="UTF-8"?>
<!-- Generated by org.testng.reporters.JUnitReportReporter -->
<testsuite hostname="Harini-PC" name="testNG.ParametersInTestNG" tests="1" failures="0" timestamp="26 Nov 2018 11:08:02 GMT" time="0.001" errors="0">
  <testcase name="testLogin" time="0.001" classname="testNG.ParametersInTestNG"/>
</testsuite> <!-- testNG.ParametersInTestNG -->
