<?xml version="1.0" encoding="UTF-8"?>
<!-- Generated by org.testng.reporters.JUnitReportReporter -->
<testsuite hostname="Harini-PC" name="seleniumExamples.SelectDropDownInSelenium" tests="1" failures="0" timestamp="22 Nov 2018 10:38:28 GMT" time="10.772" errors="0">
  <testcase name="selectDropDownInSelenium" time="10.772" classname="seleniumExamples.SelectDropDownInSelenium"/>
</testsuite> <!-- seleniumExamples.SelectDropDownInSelenium -->
