<?xml version="1.0" encoding="UTF-8"?>
<!-- Generated by org.testng.reporters.JUnitReportReporter -->
<testsuite hostname="Harini-PC" name="testNG.GroupTest" tests="3" failures="0" timestamp="26 Nov 2018 11:08:02 GMT" time="0.003" errors="0">
  <testcase name="test3" time="0.001" classname="testNG.GroupTest"/>
  <testcase name="test2" time="0.001" classname="testNG.GroupTest"/>
  <testcase name="test1" time="0.001" classname="testNG.GroupTest"/>
</testsuite> <!-- testNG.GroupTest -->
