<?xml version="1.0" encoding="UTF-8"?>
<!-- Generated by org.testng.reporters.JUnitReportReporter -->
<testsuite hostname="Harini-PC" name="testNG.Allannotaions" tests="2" failures="0" timestamp="21 Nov 2018 09:46:33 GMT" time="0.009" errors="0">
  <testcase name="test1" time="0.008" classname="testNG.Allannotaions"/>
  <testcase name="test2" time="0.001" classname="testNG.Allannotaions"/>
</testsuite> <!-- testNG.Allannotaions -->
